Started GET "/" for 127.0.0.1 at 2016-10-08 06:14:45 -0500
Processing by Rails::WelcomeController#index as HTML
  Parameters: {"internal"=>true}
  Rendering /home/neils/.rbenv/versions/2.3.1/lib/ruby/gems/2.3.0/gems/railties-5.0.0.1/lib/rails/templates/rails/welcome/index.html.erb
  Rendered /home/neils/.rbenv/versions/2.3.1/lib/ruby/gems/2.3.0/gems/railties-5.0.0.1/lib/rails/templates/rails/welcome/index.html.erb (9.3ms)
Completed 200 OK in 43ms (Views: 18.7ms | ActiveRecord: 0.0ms)


Started GET "/" for 127.0.0.1 at 2016-10-08 06:44:25 -0500
Processing by Rails::WelcomeController#index as HTML
  Parameters: {"internal"=>true}
  Rendering /home/neils/.rbenv/versions/2.3.1/lib/ruby/gems/2.3.0/gems/railties-5.0.0.1/lib/rails/templates/rails/welcome/index.html.erb
  Rendered /home/neils/.rbenv/versions/2.3.1/lib/ruby/gems/2.3.0/gems/railties-5.0.0.1/lib/rails/templates/rails/welcome/index.html.erb (9.5ms)
Completed 200 OK in 48ms (Views: 21.8ms | ActiveRecord: 0.0ms)


  [1m[35m (30.4ms)[0m  [1m[35mCREATE TABLE "schema_migrations" ("version" character varying PRIMARY KEY)[0m
  [1m[35m (25.6ms)[0m  [1m[35mCREATE TABLE "ar_internal_metadata" ("key" character varying PRIMARY KEY, "value" character varying, "created_at" timestamp NOT NULL, "updated_at" timestamp NOT NULL)[0m
  [1m[35m (0.5ms)[0m  [1m[34mSELECT pg_try_advisory_lock(4948577103765026865);[0m
  [1m[36mActiveRecord::SchemaMigration Load (1.0ms)[0m  [1m[34mSELECT "schema_migrations".* FROM "schema_migrations"[0m
Migrating to CreateCountries (20161011104839)
  [1m[35m (0.2ms)[0m  [1m[35mBEGIN[0m
  [1m[35m (16.5ms)[0m  [1m[35mCREATE TABLE "countries" ("id" serial primary key, "code" character varying, "name" character varying)[0m
  [1m[35m (1.7ms)[0m  [1m[35mCOMMENT ON TABLE "countries" IS '2-digit ISO country codes and full names'[0m
  [1m[35mSQL (1.1ms)[0m  [1m[32mINSERT INTO "schema_migrations" ("version") VALUES ($1) RETURNING "version"[0m  [["version", "20161011104839"]]
  [1m[35m (2.9ms)[0m  [1m[35mCOMMIT[0m
Migrating to CreateStates (20161011105624)
  [1m[35m (0.4ms)[0m  [1m[35mBEGIN[0m
  [1m[35m (16.6ms)[0m  [1m[35mCREATE TABLE "states" ("id" serial primary key, "code" character varying, "name" character varying)[0m
  [1m[35mSQL (0.8ms)[0m  [1m[32mINSERT INTO "schema_migrations" ("version") VALUES ($1) RETURNING "version"[0m  [["version", "20161011105624"]]
  [1m[35m (2.7ms)[0m  [1m[35mCOMMIT[0m
Migrating to AddCountryRefToStates (20161011105807)
  [1m[35m (0.4ms)[0m  [1m[35mBEGIN[0m
  [1m[35m (0.8ms)[0m  [1m[35mALTER TABLE "states" ADD "country_id" integer[0m
  [1m[35m (5.5ms)[0m  [1m[35mCREATE  INDEX  "index_states_on_country_id" ON "states"  ("country_id")[0m
  [1m[35m (6.7ms)[0m  [1m[35mALTER TABLE "states" ADD CONSTRAINT "fk_rails_40bd891262"
FOREIGN KEY ("country_id")
  REFERENCES "countries" ("id")
[0m
  [1m[35mSQL (0.6ms)[0m  [1m[32mINSERT INTO "schema_migrations" ("version") VALUES ($1) RETURNING "version"[0m  [["version", "20161011105807"]]
  [1m[35m (7.1ms)[0m  [1m[35mCOMMIT[0m
  [1m[36mActiveRecord::InternalMetadata Load (0.8ms)[0m  [1m[34mSELECT  "ar_internal_metadata".* FROM "ar_internal_metadata" WHERE "ar_internal_metadata"."key" = $1 LIMIT $2[0m  [["key", :environment], ["LIMIT", 1]]
  [1m[35m (0.2ms)[0m  [1m[35mBEGIN[0m
  [1m[35mSQL (0.9ms)[0m  [1m[32mINSERT INTO "ar_internal_metadata" ("key", "value", "created_at", "updated_at") VALUES ($1, $2, $3, $4) RETURNING "key"[0m  [["key", "environment"], ["value", "development"], ["created_at", 2016-10-11 11:02:58 UTC], ["updated_at", 2016-10-11 11:02:58 UTC]]
  [1m[35m (7.0ms)[0m  [1m[35mCOMMIT[0m
  [1m[35m (0.7ms)[0m  [1m[34mSELECT pg_advisory_unlock(4948577103765026865)[0m
  [1m[36mActiveRecord::SchemaMigration Load (0.6ms)[0m  [1m[34mSELECT "schema_migrations".* FROM "schema_migrations"[0m
  [1m[35m (6.9ms)[0m  [1m[34mSELECT t2.oid::regclass::text AS to_table, a1.attname AS column, a2.attname AS primary_key, c.conname AS name, c.confupdtype AS on_update, c.confdeltype AS on_delete
FROM pg_constraint c
JOIN pg_class t1 ON c.conrelid = t1.oid
JOIN pg_class t2 ON c.confrelid = t2.oid
JOIN pg_attribute a1 ON a1.attnum = c.conkey[1] AND a1.attrelid = t1.oid
JOIN pg_attribute a2 ON a2.attnum = c.confkey[1] AND a2.attrelid = t2.oid
JOIN pg_namespace t3 ON c.connamespace = t3.oid
WHERE c.contype = 'f'
  AND t1.relname = 'countries'
  AND t3.nspname = ANY (current_schemas(false))
ORDER BY c.conname
[0m
  [1m[35m (6.4ms)[0m  [1m[34mSELECT t2.oid::regclass::text AS to_table, a1.attname AS column, a2.attname AS primary_key, c.conname AS name, c.confupdtype AS on_update, c.confdeltype AS on_delete
FROM pg_constraint c
JOIN pg_class t1 ON c.conrelid = t1.oid
JOIN pg_class t2 ON c.confrelid = t2.oid
JOIN pg_attribute a1 ON a1.attnum = c.conkey[1] AND a1.attrelid = t1.oid
JOIN pg_attribute a2 ON a2.attnum = c.confkey[1] AND a2.attrelid = t2.oid
JOIN pg_namespace t3 ON c.connamespace = t3.oid
WHERE c.contype = 'f'
  AND t1.relname = 'states'
  AND t3.nspname = ANY (current_schemas(false))
ORDER BY c.conname
[0m
  [1m[36mActiveRecord::SchemaMigration Load (0.9ms)[0m  [1m[34mSELECT "schema_migrations".* FROM "schema_migrations"[0m
